[debug] Running TaskDef(CheapLetterDeletion.SolutionTest, org.scalatest.tools.Framework$$anon$1@69fca386, false, [SuiteSelector])
[debug] Summary for ScalaCheck not available.
[info] ScalaTest
[info] Run completed in 618 milliseconds.
[info] Total number of tests run: 4
[info] Suites: completed 1, aborted 0
[info] Tests: succeeded 1, failed 3, canceled 0, ignored 0, pending 0
[info] *** 3 TESTS FAILED ***
[error] Failed: Total 4, Failed 3, Errors 0, Passed 1
[error] Failed tests:
[error] 	CheapLetterDeletion.SolutionTest
[error] (Test / test) sbt.TestsFailedException: Tests unsuccessful
